<?xml version="1.0" encoding="UTF-8"?>
<testng-results skipped="0" failed="0" ignored="0" total="1" passed="1">
  <reporter-output>
  </reporter-output>
  <suite name="Default suite" duration-ms="56663" started-at="2019-07-11T07:13:47Z" finished-at="2019-07-11T07:14:44Z">
    <groups>
    </groups>
    <test name="Default test" duration-ms="56663" started-at="2019-07-11T07:13:47Z" finished-at="2019-07-11T07:14:44Z">
      <class name="com.training.sanity.tests.ViewPost">
        <test-method status="PASS" signature="setUpBeforeClass()[pri:0, instance:com.training.sanity.tests.ViewPost@14acaea5]" name="setUpBeforeClass" is-config="true" duration-ms="12" started-at="2019-07-11T12:43:47Z" finished-at="2019-07-11T12:43:47Z">
          <reporter-output>
          </reporter-output>
        </test-method> <!-- setUpBeforeClass -->
        <test-method status="PASS" signature="setUp()[pri:0, instance:com.training.sanity.tests.ViewPost@14acaea5]" name="setUp" is-config="true" duration-ms="26671" started-at="2019-07-11T12:43:47Z" finished-at="2019-07-11T12:44:14Z">
          <reporter-output>
          </reporter-output>
        </test-method> <!-- setUp -->
        <test-method status="PASS" signature="validLoginTest()[pri:1, instance:com.training.sanity.tests.ViewPost@14acaea5]" name="validLoginTest" duration-ms="27947" started-at="2019-07-11T12:44:14Z" finished-at="2019-07-11T12:44:42Z">
          <reporter-output>
          </reporter-output>
        </test-method> <!-- validLoginTest -->
        <test-method status="PASS" signature="tearDown()[pri:0, instance:com.training.sanity.tests.ViewPost@14acaea5]" name="tearDown" is-config="true" duration-ms="2001" started-at="2019-07-11T12:44:42Z" finished-at="2019-07-11T12:44:44Z">
          <reporter-output>
          </reporter-output>
        </test-method> <!-- tearDown -->
      </class> <!-- com.training.sanity.tests.ViewPost -->
    </test> <!-- Default test -->
  </suite> <!-- Default suite -->
</testng-results>
